<?xml version="1.0" encoding="UTF-8"?>
<testsuite name="org.masil.commons.policy.GeneralPolicyTest" tests="6" skipped="0" failures="0" errors="0" timestamp="2022-12-26T09:29:28" hostname="macbookpro.local" time="0.01">
  <properties/>
  <testcase name="when_condition_is_unsatisfied_if_set_default_result_return_default_result()" classname="org.masil.commons.policy.GeneralPolicyTest" time="0.0"/>
  <testcase name="when_condition_is_unsatisfied_call_unsatisfiedProcessor()" classname="org.masil.commons.policy.GeneralPolicyTest" time="0.004"/>
  <testcase name="when_condition_is_satisfied_return_true()" classname="org.masil.commons.policy.GeneralPolicyTest" time="0.001"/>
  <testcase name="when_condition_is_satisfied_call_satisfiedProcessor()" classname="org.masil.commons.policy.GeneralPolicyTest" time="0.001"/>
  <testcase name="handle2()" classname="org.masil.commons.policy.GeneralPolicyTest" time="0.002"/>
  <testcase name="when_condition_is_satisfied_return_result()" classname="org.masil.commons.policy.GeneralPolicyTest" time="0.001"/>
  <system-out><![CDATA[]]></system-out>
  <system-err><![CDATA[]]></system-err>
</testsuite>
