<?xml version="1.0" encoding="UTF-8"?>
<testsuite name="org.masil.commons.condition.AndTest" tests="1" skipped="0" failures="0" errors="0" timestamp="2022-12-26T09:29:28" hostname="macbookpro.local" time="0.015">
  <properties/>
  <testcase name="name()" classname="org.masil.commons.condition.AndTest" time="0.015"/>
  <system-out><![CDATA[]]></system-out>
  <system-err><![CDATA[]]></system-err>
</testsuite>
