<?xml version="1.0" encoding="UTF-8"?>
<testsuite name="org.masil.commons.condition.EqualsTest" tests="2" skipped="0" failures="0" errors="0" timestamp="2022-12-26T09:29:28" hostname="macbookpro.local" time="0.002">
  <properties/>
  <testcase name="simpleFactor()" classname="org.masil.commons.condition.EqualsTest" time="0.001"/>
  <testcase name="objectFactor()" classname="org.masil.commons.condition.EqualsTest" time="0.001"/>
  <system-out><![CDATA[]]></system-out>
  <system-err><![CDATA[]]></system-err>
</testsuite>
